  MyPolynomial.cpp
C:\Users\jeony\Desktop\C\HOMEWORK\H_다항식\MyPolynomial.cpp(5,36): error C2572: 'myPolynomial::myPolynomial': 기본 인수 재정의. 매개 변수 1
C:\Users\jeony\Desktop\C\HOMEWORK\H_다항식\MyPolynomial.h(13): message : 'myPolynomial::myPolynomial' 선언을 참조하십시오.
C:\Users\jeony\Desktop\C\HOMEWORK\H_다항식\MyPolynomial.cpp(5,52): error C2572: 'myPolynomial::myPolynomial': 기본 인수 재정의. 매개 변수 2
C:\Users\jeony\Desktop\C\HOMEWORK\H_다항식\MyPolynomial.h(13): message : 'myPolynomial::myPolynomial' 선언을 참조하십시오.
C:\Users\jeony\Desktop\C\HOMEWORK\H_다항식\MyPolynomial.cpp(25,2): error C2059: 구문 오류: '}'
C:\Users\jeony\Desktop\C\HOMEWORK\H_다항식\MyPolynomial.cpp(29,51): error C4430: 형식 지정자가 없습니다. int로 가정합니다. 참고: C++에서는 기본 int를 지원하지 않습니다.
C:\Users\jeony\Desktop\C\HOMEWORK\H_다항식\MyPolynomial.cpp(29,51): error C2143: 구문 오류: ','이(가) '&' 앞에 없습니다.
C:\Users\jeony\Desktop\C\HOMEWORK\H_다항식\MyPolynomial.cpp(30,1): error C2511: 'bool myPolynomial::operator ==(const int) const': 오버로드된 멤버 함수가 'myPolynomial'에 없습니다.
C:\Users\jeony\Desktop\C\HOMEWORK\H_다항식\MyPolynomial.h(10): message : 'myPolynomial' 선언을 참조하십시오.
C:\Users\jeony\Desktop\C\HOMEWORK\H_다항식\MyPolynomial.cpp(33,51): error C4430: 형식 지정자가 없습니다. int로 가정합니다. 참고: C++에서는 기본 int를 지원하지 않습니다.
C:\Users\jeony\Desktop\C\HOMEWORK\H_다항식\MyPolynomial.cpp(33,51): error C2143: 구문 오류: ','이(가) '&' 앞에 없습니다.
C:\Users\jeony\Desktop\C\HOMEWORK\H_다항식\MyPolynomial.cpp(34,1): error C2511: 'bool myPolynomial::operator !=(const int) const': 오버로드된 멤버 함수가 'myPolynomial'에 없습니다.
C:\Users\jeony\Desktop\C\HOMEWORK\H_다항식\MyPolynomial.h(10): message : 'myPolynomial' 선언을 참조하십시오.
C:\Users\jeony\Desktop\C\HOMEWORK\H_다항식\MyPolynomial.cpp(38,13): error C2143: 구문 오류: ';'이(가) '&' 앞에 없습니다.
C:\Users\jeony\Desktop\C\HOMEWORK\H_다항식\MyPolynomial.cpp(38,13): error C4430: 형식 지정자가 없습니다. int로 가정합니다. 참고: C++에서는 기본 int를 지원하지 않습니다.
C:\Users\jeony\Desktop\C\HOMEWORK\H_다항식\MyPolynomial.cpp(38,60): error C4430: 형식 지정자가 없습니다. int로 가정합니다. 참고: C++에서는 기본 int를 지원하지 않습니다.
C:\Users\jeony\Desktop\C\HOMEWORK\H_다항식\MyPolynomial.cpp(38,60): error C2143: 구문 오류: ','이(가) '&' 앞에 없습니다.
C:\Users\jeony\Desktop\C\HOMEWORK\H_다항식\MyPolynomial.cpp(39,1): error C2761: 'myPolynomial &myPolynomial::operator +=(const myPolynomial &)': 멤버를 재선언할 수 없습니다.
C:\Users\jeony\Desktop\C\HOMEWORK\H_다항식\MyPolynomial.cpp(39,1): error C2059: 구문 오류: '{'
C:\Users\jeony\Desktop\C\HOMEWORK\H_다항식\MyPolynomial.cpp(39,1): error C2143: 구문 오류: ';'이(가) '{' 앞에 없습니다.
C:\Users\jeony\Desktop\C\HOMEWORK\H_다항식\MyPolynomial.cpp(39,1): error C2447: '{': 함수 헤더가 없습니다. 이전 스타일의 형식 목록입니까?
C:\Users\jeony\Desktop\C\HOMEWORK\H_다항식\MyPolynomial.cpp(42,13): error C2143: 구문 오류: ';'이(가) '&' 앞에 없습니다.
C:\Users\jeony\Desktop\C\HOMEWORK\H_다항식\MyPolynomial.cpp(42,13): error C4430: 형식 지정자가 없습니다. int로 가정합니다. 참고: C++에서는 기본 int를 지원하지 않습니다.
C:\Users\jeony\Desktop\C\HOMEWORK\H_다항식\MyPolynomial.cpp(42,1): error C2086: 'int myPolynomial': 재정의
C:\Users\jeony\Desktop\C\HOMEWORK\H_다항식\MyPolynomial.cpp(38): message : 'myPolynomial' 선언을 참조하십시오.
C:\Users\jeony\Desktop\C\HOMEWORK\H_다항식\MyPolynomial.cpp(42,60): error C4430: 형식 지정자가 없습니다. int로 가정합니다. 참고: C++에서는 기본 int를 지원하지 않습니다.
C:\Users\jeony\Desktop\C\HOMEWORK\H_다항식\MyPolynomial.cpp(42,60): error C2143: 구문 오류: ','이(가) '&' 앞에 없습니다.
C:\Users\jeony\Desktop\C\HOMEWORK\H_다항식\MyPolynomial.cpp(43,1): error C2761: 'myPolynomial &myPolynomial::operator -=(const myPolynomial &)': 멤버를 재선언할 수 없습니다.
C:\Users\jeony\Desktop\C\HOMEWORK\H_다항식\MyPolynomial.cpp(43,1): error C2059: 구문 오류: '{'
C:\Users\jeony\Desktop\C\HOMEWORK\H_다항식\MyPolynomial.cpp(43,1): error C2143: 구문 오류: ';'이(가) '{' 앞에 없습니다.
C:\Users\jeony\Desktop\C\HOMEWORK\H_다항식\MyPolynomial.cpp(43,1): error C2447: '{': 함수 헤더가 없습니다. 이전 스타일의 형식 목록입니까?
C:\Users\jeony\Desktop\C\HOMEWORK\H_다항식\MyPolynomial.cpp(46,13): error C2143: 구문 오류: ';'이(가) '&' 앞에 없습니다.
C:\Users\jeony\Desktop\C\HOMEWORK\H_다항식\MyPolynomial.cpp(46,13): error C4430: 형식 지정자가 없습니다. int로 가정합니다. 참고: C++에서는 기본 int를 지원하지 않습니다.
C:\Users\jeony\Desktop\C\HOMEWORK\H_다항식\MyPolynomial.cpp(46,1): error C2086: 'int myPolynomial': 재정의
C:\Users\jeony\Desktop\C\HOMEWORK\H_다항식\MyPolynomial.cpp(38): message : 'myPolynomial' 선언을 참조하십시오.
C:\Users\jeony\Desktop\C\HOMEWORK\H_다항식\MyPolynomial.cpp(46,60): error C4430: 형식 지정자가 없습니다. int로 가정합니다. 참고: C++에서는 기본 int를 지원하지 않습니다.
C:\Users\jeony\Desktop\C\HOMEWORK\H_다항식\MyPolynomial.cpp(46,60): error C2143: 구문 오류: ','이(가) '&' 앞에 없습니다.
C:\Users\jeony\Desktop\C\HOMEWORK\H_다항식\MyPolynomial.cpp(47,1): error C2761: '*=': 멤버를 재선언할 수 없습니다.
C:\Users\jeony\Desktop\C\HOMEWORK\H_다항식\MyPolynomial.cpp(47,1): error C2059: 구문 오류: '{'
C:\Users\jeony\Desktop\C\HOMEWORK\H_다항식\MyPolynomial.cpp(47,1): error C2143: 구문 오류: ';'이(가) '{' 앞에 없습니다.
C:\Users\jeony\Desktop\C\HOMEWORK\H_다항식\MyPolynomial.cpp(47,1): error C2447: '{': 함수 헤더가 없습니다. 이전 스타일의 형식 목록입니까?
C:\Users\jeony\Desktop\C\HOMEWORK\H_다항식\MyPolynomial.cpp(50,13): error C2143: 구문 오류: ';'이(가) '&' 앞에 없습니다.
C:\Users\jeony\Desktop\C\HOMEWORK\H_다항식\MyPolynomial.cpp(50,13): error C4430: 형식 지정자가 없습니다. int로 가정합니다. 참고: C++에서는 기본 int를 지원하지 않습니다.
C:\Users\jeony\Desktop\C\HOMEWORK\H_다항식\MyPolynomial.cpp(50,1): error C2086: 'int myPolynomial': 재정의
C:\Users\jeony\Desktop\C\HOMEWORK\H_다항식\MyPolynomial.cpp(38): message : 'myPolynomial' 선언을 참조하십시오.
C:\Users\jeony\Desktop\C\HOMEWORK\H_다항식\MyPolynomial.cpp(51,1): error C2761: '*=': 멤버를 재선언할 수 없습니다.
C:\Users\jeony\Desktop\C\HOMEWORK\H_다항식\MyPolynomial.cpp(51,1): error C2059: 구문 오류: '{'
C:\Users\jeony\Desktop\C\HOMEWORK\H_다항식\MyPolynomial.cpp(51,1): error C2143: 구문 오류: ';'이(가) '{' 앞에 없습니다.
C:\Users\jeony\Desktop\C\HOMEWORK\H_다항식\MyPolynomial.cpp(51,1): error C2447: '{': 함수 헤더가 없습니다. 이전 스타일의 형식 목록입니까?
C:\Users\jeony\Desktop\C\HOMEWORK\H_다항식\MyPolynomial.cpp(55,28): error C2143: 구문 오류: ';'이(가) 'myPolynomial::operator -' 앞에 없습니다.
C:\Users\jeony\Desktop\C\HOMEWORK\H_다항식\MyPolynomial.cpp(55,38): error C4430: 형식 지정자가 없습니다. int로 가정합니다. 참고: C++에서는 기본 int를 지원하지 않습니다.
C:\Users\jeony\Desktop\C\HOMEWORK\H_다항식\MyPolynomial.cpp(55,1): error C2086: 'int myPolynomial': 재정의
C:\Users\jeony\Desktop\C\HOMEWORK\H_다항식\MyPolynomial.cpp(38): message : 'myPolynomial' 선언을 참조하십시오.
C:\Users\jeony\Desktop\C\HOMEWORK\H_다항식\MyPolynomial.cpp(56,1): error C4430: 형식 지정자가 없습니다. int로 가정합니다. 참고: C++에서는 기본 int를 지원하지 않습니다.
C:\Users\jeony\Desktop\C\HOMEWORK\H_다항식\MyPolynomial.cpp(56,1): error C2556: 'int myPolynomial::operator -(void) const': 오버로드된 함수가 'myPolynomial myPolynomial::operator -(void) const'과(와) 반환 형식만 다릅니다.
C:\Users\jeony\Desktop\C\HOMEWORK\H_다항식\MyPolynomial.h(28): message : 'myPolynomial::operator -' 선언을 참조하십시오.
C:\Users\jeony\Desktop\C\HOMEWORK\H_다항식\MyPolynomial.cpp(55,28): error C2371: 'myPolynomial::operator -': 재정의. 기본 형식이 다릅니다.
C:\Users\jeony\Desktop\C\HOMEWORK\H_다항식\MyPolynomial.h(28): message : 'myPolynomial::operator -' 선언을 참조하십시오.
C:\Users\jeony\Desktop\C\HOMEWORK\H_다항식\MyPolynomial.cpp(59,28): error C2143: 구문 오류: ';'이(가) 'myPolynomial::operator *' 앞에 없습니다.
C:\Users\jeony\Desktop\C\HOMEWORK\H_다항식\MyPolynomial.cpp(59,38): error C4430: 형식 지정자가 없습니다. int로 가정합니다. 참고: C++에서는 기본 int를 지원하지 않습니다.
C:\Users\jeony\Desktop\C\HOMEWORK\H_다항식\MyPolynomial.cpp(59,1): error C2086: 'int myPolynomial': 재정의
C:\Users\jeony\Desktop\C\HOMEWORK\H_다항식\MyPolynomial.cpp(38): message : 'myPolynomial' 선언을 참조하십시오.
C:\Users\jeony\Desktop\C\HOMEWORK\H_다항식\MyPolynomial.cpp(60,1): error C4430: 형식 지정자가 없습니다. int로 가정합니다. 참고: C++에서는 기본 int를 지원하지 않습니다.
C:\Users\jeony\Desktop\C\HOMEWORK\H_다항식\MyPolynomial.cpp(60,1): error C2556: 'int myPolynomial::operator *(int) const': 오버로드된 함수가 'myPolynomial myPolynomial::operator *(int) const'과(와) 반환 형식만 다릅니다.
C:\Users\jeony\Desktop\C\HOMEWORK\H_다항식\MyPolynomial.h(30): message : 'myPolynomial::operator *' 선언을 참조하십시오.
C:\Users\jeony\Desktop\C\HOMEWORK\H_다항식\MyPolynomial.cpp(59,28): error C2371: 'myPolynomial::operator *': 재정의. 기본 형식이 다릅니다.
C:\Users\jeony\Desktop\C\HOMEWORK\H_다항식\MyPolynomial.h(30): message : 'myPolynomial::operator *' 선언을 참조하십시오.
C:\Users\jeony\Desktop\C\HOMEWORK\H_다항식\MyPolynomial.cpp(60,1): error C2039: 'k': 'myPolynomial'의 멤버가 아닙니다.
C:\Users\jeony\Desktop\C\HOMEWORK\H_다항식\MyPolynomial.h(10): message : 'myPolynomial' 선언을 참조하십시오.
C:\Users\jeony\Desktop\C\HOMEWORK\H_다항식\MyPolynomial.cpp(63,28): error C2143: 구문 오류: ';'이(가) 'myPolynomial::operator +' 앞에 없습니다.
C:\Users\jeony\Desktop\C\HOMEWORK\H_다항식\MyPolynomial.cpp(63,38): error C4430: 형식 지정자가 없습니다. int로 가정합니다. 참고: C++에서는 기본 int를 지원하지 않습니다.
C:\Users\jeony\Desktop\C\HOMEWORK\H_다항식\MyPolynomial.cpp(63,1): error C2086: 'int myPolynomial': 재정의
C:\Users\jeony\Desktop\C\HOMEWORK\H_다항식\MyPolynomial.cpp(38): message : 'myPolynomial' 선언을 참조하십시오.
C:\Users\jeony\Desktop\C\HOMEWORK\H_다항식\MyPolynomial.cpp(63,57): error C4430: 형식 지정자가 없습니다. int로 가정합니다. 참고: C++에서는 기본 int를 지원하지 않습니다.
C:\Users\jeony\Desktop\C\HOMEWORK\H_다항식\MyPolynomial.cpp(63,57): error C2143: 구문 오류: ','이(가) '&' 앞에 없습니다.
C:\Users\jeony\Desktop\C\HOMEWORK\H_다항식\MyPolynomial.cpp(64,1): error C4430: 형식 지정자가 없습니다. int로 가정합니다. 참고: C++에서는 기본 int를 지원하지 않습니다.
C:\Users\jeony\Desktop\C\HOMEWORK\H_다항식\MyPolynomial.cpp(64,1): error C2511: 'int myPolynomial::operator +(const int) const': 오버로드된 멤버 함수가 'myPolynomial'에 없습니다.
C:\Users\jeony\Desktop\C\HOMEWORK\H_다항식\MyPolynomial.h(10): message : 'myPolynomial' 선언을 참조하십시오.
C:\Users\jeony\Desktop\C\HOMEWORK\H_다항식\MyPolynomial.cpp(67,28): error C2143: 구문 오류: ';'이(가) 'myPolynomial::operator -' 앞에 없습니다.
C:\Users\jeony\Desktop\C\HOMEWORK\H_다항식\MyPolynomial.cpp(67,38): error C4430: 형식 지정자가 없습니다. int로 가정합니다. 참고: C++에서는 기본 int를 지원하지 않습니다.
C:\Users\jeony\Desktop\C\HOMEWORK\H_다항식\MyPolynomial.cpp(67,1): error C2086: 'int myPolynomial': 재정의
C:\Users\jeony\Desktop\C\HOMEWORK\H_다항식\MyPolynomial.cpp(38): message : 'myPolynomial' 선언을 참조하십시오.
C:\Users\jeony\Desktop\C\HOMEWORK\H_다항식\MyPolynomial.cpp(67,57): error C4430: 형식 지정자가 없습니다. int로 가정합니다. 참고: C++에서는 기본 int를 지원하지 않습니다.
C:\Users\jeony\Desktop\C\HOMEWORK\H_다항식\MyPolynomial.cpp(67,57): error C2143: 구문 오류: ','이(가) '&' 앞에 없습니다.
C:\Users\jeony\Desktop\C\HOMEWORK\H_다항식\MyPolynomial.cpp(68,1): error C4430: 형식 지정자가 없습니다. int로 가정합니다. 참고: C++에서는 기본 int를 지원하지 않습니다.
C:\Users\jeony\Desktop\C\HOMEWORK\H_다항식\MyPolynomial.cpp(68,1): error C2511: 'int myPolynomial::operator -(const int) const': 오버로드된 멤버 함수가 'myPolynomial'에 없습니다.
C:\Users\jeony\Desktop\C\HOMEWORK\H_다항식\MyPolynomial.h(10): message : 'myPolynomial' 선언을 참조하십시오.
C:\Users\jeony\Desktop\C\HOMEWORK\H_다항식\MyPolynomial.cpp(71,28): error C2143: 구문 오류: ';'이(가) 'myPolynomial::operator *' 앞에 없습니다.
C:\Users\jeony\Desktop\C\HOMEWORK\H_다항식\MyPolynomial.cpp(71,38): error C4430: 형식 지정자가 없습니다. int로 가정합니다. 참고: C++에서는 기본 int를 지원하지 않습니다.
C:\Users\jeony\Desktop\C\HOMEWORK\H_다항식\MyPolynomial.cpp(71,1): error C2086: 'int myPolynomial': 재정의
C:\Users\jeony\Desktop\C\HOMEWORK\H_다항식\MyPolynomial.cpp(38): message : 'myPolynomial' 선언을 참조하십시오.
C:\Users\jeony\Desktop\C\HOMEWORK\H_다항식\MyPolynomial.cpp(71,57): error C4430: 형식 지정자가 없습니다. int로 가정합니다. 참고: C++에서는 기본 int를 지원하지 않습니다.
C:\Users\jeony\Desktop\C\HOMEWORK\H_다항식\MyPolynomial.cpp(71,57): error C2143: 구문 오류: ','이(가) '&' 앞에 없습니다.
C:\Users\jeony\Desktop\C\HOMEWORK\H_다항식\MyPolynomial.cpp(72,1): error C4430: 형식 지정자가 없습니다. int로 가정합니다. 참고: C++에서는 기본 int를 지원하지 않습니다.
C:\Users\jeony\Desktop\C\HOMEWORK\H_다항식\MyPolynomial.cpp(72,1): error C2556: 'int myPolynomial::operator *(const int) const': 오버로드된 함수가 'myPolynomial myPolynomial::operator *(int) const'과(와) 반환 형식만 다릅니다.
C:\Users\jeony\Desktop\C\HOMEWORK\H_다항식\MyPolynomial.cpp(59): message : 'myPolynomial::operator *' 선언을 참조하십시오.
C:\Users\jeony\Desktop\C\HOMEWORK\H_다항식\MyPolynomial.cpp(71,28): error C2371: 'myPolynomial::operator *': 재정의. 기본 형식이 다릅니다.
C:\Users\jeony\Desktop\C\HOMEWORK\H_다항식\MyPolynomial.cpp(59): message : 'myPolynomial::operator *' 선언을 참조하십시오.
C:\Users\jeony\Desktop\C\HOMEWORK\H_다항식\MyPolynomial.cpp(72,1): error C2084: 'myPolynomial myPolynomial::operator *(int) const' 함수에 이미 본문이 있습니다.
C:\Users\jeony\Desktop\C\HOMEWORK\H_다항식\MyPolynomial.cpp(59): message : '*'의 이전 정의를 참조하십시오.
C:\Users\jeony\Desktop\C\HOMEWORK\H_다항식\MyPolynomial.cpp(77,1): error C2039: 'x': 'myPolynomial'의 멤버가 아닙니다.
C:\Users\jeony\Desktop\C\HOMEWORK\H_다항식\MyPolynomial.h(10): message : 'myPolynomial' 선언을 참조하십시오.
C:\Users\jeony\Desktop\C\HOMEWORK\H_다항식\MyPolynomial.cpp(90,28): error C2143: 구문 오류: ';'이(가) 'myPolynomial::ddx' 앞에 없습니다.
C:\Users\jeony\Desktop\C\HOMEWORK\H_다항식\MyPolynomial.cpp(90,31): error C4430: 형식 지정자가 없습니다. int로 가정합니다. 참고: C++에서는 기본 int를 지원하지 않습니다.
C:\Users\jeony\Desktop\C\HOMEWORK\H_다항식\MyPolynomial.cpp(90,1): error C2086: 'int myPolynomial': 재정의
C:\Users\jeony\Desktop\C\HOMEWORK\H_다항식\MyPolynomial.cpp(38): message : 'myPolynomial' 선언을 참조하십시오.
C:\Users\jeony\Desktop\C\HOMEWORK\H_다항식\MyPolynomial.cpp(91,1): error C4430: 형식 지정자가 없습니다. int로 가정합니다. 참고: C++에서는 기본 int를 지원하지 않습니다.
C:\Users\jeony\Desktop\C\HOMEWORK\H_다항식\MyPolynomial.cpp(91,1): error C2556: 'int myPolynomial::ddx(void) const': 오버로드된 함수가 'myPolynomial myPolynomial::ddx(void) const'과(와) 반환 형식만 다릅니다.
C:\Users\jeony\Desktop\C\HOMEWORK\H_다항식\MyPolynomial.h(40): message : 'myPolynomial::ddx' 선언을 참조하십시오.
C:\Users\jeony\Desktop\C\HOMEWORK\H_다항식\MyPolynomial.cpp(90,28): error C2371: 'myPolynomial::ddx': 재정의. 기본 형식이 다릅니다.
C:\Users\jeony\Desktop\C\HOMEWORK\H_다항식\MyPolynomial.h(40): message : 'myPolynomial::ddx' 선언을 참조하십시오.
C:\Users\jeony\Desktop\C\HOMEWORK\H_다항식\MyPolynomial.cpp(96,14): error C2143: 구문 오류: ';'이(가) '*' 앞에 없습니다.
C:\Users\jeony\Desktop\C\HOMEWORK\H_다항식\MyPolynomial.cpp(96,24): error C4430: 형식 지정자가 없습니다. int로 가정합니다. 참고: C++에서는 기본 int를 지원하지 않습니다.
C:\Users\jeony\Desktop\C\HOMEWORK\H_다항식\MyPolynomial.cpp(96,1): error C2086: 'int myPolynomial': 재정의
C:\Users\jeony\Desktop\C\HOMEWORK\H_다항식\MyPolynomial.cpp(38): message : 'myPolynomial' 선언을 참조하십시오.
C:\Users\jeony\Desktop\C\HOMEWORK\H_다항식\MyPolynomial.cpp(96,50): error C4430: 형식 지정자가 없습니다. int로 가정합니다. 참고: C++에서는 기본 int를 지원하지 않습니다.
C:\Users\jeony\Desktop\C\HOMEWORK\H_다항식\MyPolynomial.cpp(96,50): error C2143: 구문 오류: ','이(가) '&' 앞에 없습니다.
C:\Users\jeony\Desktop\C\HOMEWORK\H_다항식\MyPolynomial.cpp(97,1): error C4430: 형식 지정자가 없습니다. int로 가정합니다. 참고: C++에서는 기본 int를 지원하지 않습니다.
C:\Users\jeony\Desktop\C\HOMEWORK\H_다항식\MyPolynomial.cpp(97,1): error C2803: 'operator *'에는 클래스 형식의 정식 매개 변수가 적어도 하나는 있어야 합니다.
C:\Users\jeony\Desktop\C\HOMEWORK\H_다항식\MyPolynomial.cpp(102,60): error C4430: 형식 지정자가 없습니다. int로 가정합니다. 참고: C++에서는 기본 int를 지원하지 않습니다.
C:\Users\jeony\Desktop\C\HOMEWORK\H_다항식\MyPolynomial.cpp(102,60): error C2143: 구문 오류: ','이(가) '&' 앞에 없습니다.
C:\Users\jeony\Desktop\C\HOMEWORK\H_다항식\MyPolynomial.cpp(104,6): error C2065: 'poly': 선언되지 않은 식별자입니다.
C:\Users\jeony\Desktop\C\HOMEWORK\H_다항식\MyPolynomial.cpp(105,24): error C2593: 'operator <<'이(가) 모호합니다.
C:\Program Files\Microsoft Visual Studio\2022\Community\VC\Tools\MSVC\14.32.31326\include\ostream(268,39): message : 'std::basic_ostream<char,std::char_traits<char>> &std::basic_ostream<char,std::char_traits<char>>::operator <<(int)'일 수 있습니다.
C:\Users\jeony\Desktop\C\HOMEWORK\H_다항식\MyPolynomial.cpp(102,10): message : 또는       'std::ostream &operator <<(std::ostream &,const int)'
C:\Users\jeony\Desktop\C\HOMEWORK\H_다항식\MyPolynomial.cpp(105,24): message : 인수 목록 '(std::ostream, int)'을(를) 일치시키는 동안
C:\Users\jeony\Desktop\C\HOMEWORK\H_다항식\MyPolynomial.cpp(110,20): error C4430: 형식 지정자가 없습니다. int로 가정합니다. 참고: C++에서는 기본 int를 지원하지 않습니다.
C:\Users\jeony\Desktop\C\HOMEWORK\H_다항식\MyPolynomial.cpp(110,34): error C2143: 구문 오류: ';'이(가) 'myPolynomial::ZERO' 앞에 없습니다.
C:\Users\jeony\Desktop\C\HOMEWORK\H_다항식\MyPolynomial.cpp(110,7): error C2373: 'myPolynomial': 재정의. 형식 한정자가 다릅니다.
C:\Users\jeony\Desktop\C\HOMEWORK\H_다항식\MyPolynomial.cpp(38): message : 'myPolynomial' 선언을 참조하십시오.
C:\Users\jeony\Desktop\C\HOMEWORK\H_다항식\MyPolynomial.cpp(110,39): error C4430: 형식 지정자가 없습니다. int로 가정합니다. 참고: C++에서는 기본 int를 지원하지 않습니다.
C:\Users\jeony\Desktop\C\HOMEWORK\H_다항식\MyPolynomial.cpp(110,34): error C2373: 'ZERO': 재정의. 형식 한정자가 다릅니다.
C:\Users\jeony\Desktop\C\HOMEWORK\H_다항식\MyPolynomial.h(46): message : 'ZERO' 선언을 참조하십시오.
C:\Users\jeony\Desktop\C\HOMEWORK\H_다항식\MyPolynomial.cpp(111,20): error C4430: 형식 지정자가 없습니다. int로 가정합니다. 참고: C++에서는 기본 int를 지원하지 않습니다.
C:\Users\jeony\Desktop\C\HOMEWORK\H_다항식\MyPolynomial.cpp(111,34): error C2143: 구문 오류: ';'이(가) 'myPolynomial::ONE' 앞에 없습니다.
C:\Users\jeony\Desktop\C\HOMEWORK\H_다항식\MyPolynomial.cpp(111,7): error C2373: 'myPolynomial': 재정의. 형식 한정자가 다릅니다.
C:\Users\jeony\Desktop\C\HOMEWORK\H_다항식\MyPolynomial.cpp(38): message : 'myPolynomial' 선언을 참조하십시오.
C:\Users\jeony\Desktop\C\HOMEWORK\H_다항식\MyPolynomial.cpp(111,38): error C4430: 형식 지정자가 없습니다. int로 가정합니다. 참고: C++에서는 기본 int를 지원하지 않습니다.
C:\Users\jeony\Desktop\C\HOMEWORK\H_다항식\MyPolynomial.cpp(111,34): error C2373: 'ONE': 재정의. 형식 한정자가 다릅니다.
C:\Users\jeony\Desktop\C\HOMEWORK\H_다항식\MyPolynomial.h(47): message : 'ONE' 선언을 참조하십시오.
C:\Users\jeony\Desktop\C\HOMEWORK\H_다항식\MyPolynomial.cpp(112,20): error C4430: 형식 지정자가 없습니다. int로 가정합니다. 참고: C++에서는 기본 int를 지원하지 않습니다.
C:\Users\jeony\Desktop\C\HOMEWORK\H_다항식\MyPolynomial.cpp(112,34): error C2143: 구문 오류: ';'이(가) 'myPolynomial::X' 앞에 없습니다.
C:\Users\jeony\Desktop\C\HOMEWORK\H_다항식\MyPolynomial.cpp(112,7): error C2373: 'myPolynomial': 재정의. 형식 한정자가 다릅니다.
C:\Users\jeony\Desktop\C\HOMEWORK\H_다항식\MyPolynomial.cpp(38): message : 'myPolynomial' 선언을 참조하십시오.
C:\Users\jeony\Desktop\C\HOMEWORK\H_다항식\MyPolynomial.cpp(112,36): error C4430: 형식 지정자가 없습니다. int로 가정합니다. 참고: C++에서는 기본 int를 지원하지 않습니다.
C:\Users\jeony\Desktop\C\HOMEWORK\H_다항식\MyPolynomial.cpp(112,34): error C2373: 'X': 재정의. 형식 한정자가 다릅니다.
C:\Users\jeony\Desktop\C\HOMEWORK\H_다항식\MyPolynomial.h(48): message : 'X' 선언을 참조하십시오.
  MyTerm.cpp
  TestMyPolynomial.cpp
  코드를 생성하고 있습니다...
